Arguments: 
  /Users/xiaowei.liu/.nvm/versions/node/v15.5.0/bin/node /usr/local/Cellar/yarn/1.22.10/libexec/bin/yarn.js

PATH: 
  /Users/xiaowei.liu/.nvm/versions/node/v15.5.0/bin:/usr/local/sbin:/usr/local/bin:/Library/Frameworks/Python.framework/Versions/3.9/bin:/usr/local/bin:/usr/local/sbin:/usr/local/bin:/usr/bin:/bin:/usr/sbin:/sbin:/Library/Apple/usr/bin:/Users/xiaowei.liu/.nvm/versions/node/v15.5.0/bin:/usr/local/sbin:/Library/Frameworks/Python.framework/Versions/3.9/bin

Yarn version: 
  1.22.10

Node version: 
  15.5.0

Platform: 
  darwin x64

Trace: 
  SyntaxError: /Users/xiaowei.liu/Desktop/codoon-workspace/fxd-lib/style-prefix-check/package.json: Unexpected token } in JSON at position 557
      at JSON.parse (<anonymous>)
      at /usr/local/Cellar/yarn/1.22.10/libexec/lib/cli.js:1625:59
      at Generator.next (<anonymous>)
      at step (/usr/local/Cellar/yarn/1.22.10/libexec/lib/cli.js:310:30)
      at /usr/local/Cellar/yarn/1.22.10/libexec/lib/cli.js:321:13

npm manifest: 
  {
    "name": "style-prefix-check",
    "version": "0.0.1",
    "private": true,
    "main": "./src/index.ts",
    "bin": {
      "prefix-check": "./dist/main.js"
    },
    "scripts": {
      "start": "node ./dist/main.js",
      "build": "webpack"
    },
    "devDependencies": {
      "@types/lodash": "^4.14.172",
      "@types/node": "^16.6.1",
      "@types/node-schedule": "^1.3.2",
      "source-map-loader": "^3.0.0",
      "ts-loader": "^9.2.5",
      "typescript": "^4.3.5",
      "webpack": "^5.50.0",
      "webpack-cli": "^4.8.0"
    },
    "dependencies": {
      "lodash": "^4.17.21",
    }
  }

yarn manifest: 
  No manifest

Lockfile: 
  No lockfile
